<?xml version="1.0" encoding="UTF-8"?>
<testsuite name="com.assessment.parser.repository.EventRepositoryTest" tests="4" skipped="0" failures="0" errors="0" timestamp="2021-04-15T16:19:19" hostname="ALBERTORIBEIRO" time="0.283">
  <properties/>
  <testcase name="findEventLogsSuccessfully_whenDatabaseIsNotEmpty()" classname="com.assessment.parser.repository.EventRepositoryTest" time="0.255"/>
  <testcase name="saveEventLogSuccessfully_whenAllFieldsAreProvided()" classname="com.assessment.parser.repository.EventRepositoryTest" time="0.007"/>
  <testcase name="findEventLogsSuccessfully_whenDatabaseIsEmpty()" classname="com.assessment.parser.repository.EventRepositoryTest" time="0.009"/>
  <testcase name="saveEventLogSuccessfully_whenRequiredFieldsAreSetOnly()" classname="com.assessment.parser.repository.EventRepositoryTest" time="0.007"/>
  <system-out><![CDATA[]]></system-out>
  <system-err><![CDATA[]]></system-err>
</testsuite>
