<?xml version="1.0" encoding="UTF-8"?>
<testsuite name="com.assessment.parser.ApplicationRunnerTest" tests="3" skipped="0" failures="0" errors="0" timestamp="2021-04-15T16:19:17" hostname="ALBERTORIBEIRO" time="2.257">
  <properties/>
  <testcase name="runnerShouldCompleteWithoutProcessingFile_whenNoArgsProvided()" classname="com.assessment.parser.ApplicationRunnerTest" time="2.085"/>
  <testcase name="runnerShouldLogError_whenLogFileHasInvalidContent()" classname="com.assessment.parser.ApplicationRunnerTest" time="0.123"/>
  <testcase name="runnerShouldCompleteSuccessfully_whenValidArgsProvided()" classname="com.assessment.parser.ApplicationRunnerTest" time="0.045"/>
  <system-out><![CDATA[13:19:19.460 [Test worker] ERROR com.assessment.parser.ApplicationRunner - Please provide the full path for the logfile as argument





13:19:19.584 [Test worker] INFO com.assessment.parser.ApplicationRunner - ******************** Initializing parser for the file [logfile.txt] ********************










13:19:19.618 [Test worker] ERROR com.assessment.parser.ApplicationRunner - ******************** Error executing the parser, please check the logs ********************










13:19:19.686 [Test worker] INFO com.assessment.parser.ApplicationRunner - ******************** Initializing parser for the file [logfile.txt] ********************










13:19:19.694 [Test worker] INFO com.assessment.parser.ApplicationRunner - ******************** Parser has been completed successfully for the file ********************





]]></system-out>
  <system-err><![CDATA[]]></system-err>
</testsuite>
